\BOOKMARK [1][-]{section.1}{\376\377\000I\000n\000t\000r\000o\000d\000u\000c\000t\000i\000o\000n}{}% 1
\BOOKMARK [1][-]{section.2}{\376\377\000R\000e\000l\000a\000t\000e\000d\000\040\000W\000o\000r\000k}{}% 2
\BOOKMARK [1][-]{section.3}{\376\377\000M\000e\000t\000h\000o\000d\000s}{}% 3
\BOOKMARK [2][-]{subsection.3.1}{\376\377\000O\000v\000e\000r\000v\000i\000e\000w}{section.3}% 4
\BOOKMARK [2][-]{subsection.3.2}{\376\377\000M\000o\000d\000e\000l\000s\000,\000\040\000D\000a\000t\000a\000,\000\040\000a\000n\000d\000\040\000I\000n\000f\000r\000a\000s\000t\000r\000u\000c\000t\000u\000r\000e}{section.3}% 5
\BOOKMARK [2][-]{subsection.3.3}{\376\377\000C\000o\000a\000c\000h\000\040\000R\000e\000w\000a\000r\000d}{section.3}% 6
\BOOKMARK [2][-]{subsection.3.4}{\376\377\000P\000l\000a\000y\000e\000r\000\040\000R\000e\000w\000a\000r\000d}{section.3}% 7
\BOOKMARK [2][-]{subsection.3.5}{\376\377\000O\000p\000t\000i\000m\000i\000z\000e\000r\000\040\000a\000n\000d\000\040\000R\000e\000g\000u\000l\000a\000r\000i\000z\000a\000t\000i\000o\000n}{section.3}% 8
\BOOKMARK [2][-]{subsection.3.6}{\376\377\000E\000x\000p\000e\000r\000i\000m\000e\000n\000t\000a\000l\000\040\000C\000o\000n\000d\000i\000t\000i\000o\000n\000s}{section.3}% 9
\BOOKMARK [1][-]{section.4}{\376\377\000R\000e\000s\000u\000l\000t\000s}{}% 10
\BOOKMARK [2][-]{subsection.4.1}{\376\377\000B\000a\000s\000e\000l\000i\000n\000e\000\040\000E\000v\000a\000l\000u\000a\000t\000i\000o\000n}{section.4}% 11
\BOOKMARK [2][-]{subsection.4.2}{\376\377\000S\000y\000s\000t\000e\000m\000\040\000V\000a\000l\000i\000d\000a\000t\000i\000o\000n\000\040\000o\000n\000\040\0004\000H\0002\0000\0000}{section.4}% 12
\BOOKMARK [2][-]{subsection.4.3}{\376\377\000P\000r\000o\000d\000u\000c\000t\000i\000o\000n\000\040\000T\000r\000a\000i\000n\000i\000n\000g}{section.4}% 13
\BOOKMARK [2][-]{subsection.4.4}{\376\377\000Q\000u\000a\000l\000i\000t\000a\000t\000i\000v\000e\000\040\000E\000x\000a\000m\000p\000l\000e\000s}{section.4}% 14
\BOOKMARK [1][-]{section.5}{\376\377\000D\000i\000s\000c\000u\000s\000s\000i\000o\000n}{}% 15
\BOOKMARK [2][-]{subsection.5.1}{\376\377\000D\000o\000e\000s\000\040\000t\000h\000e\000\040\000A\000r\000c\000h\000i\000t\000e\000c\000t\000u\000r\000e\000\040\000W\000o\000r\000k\000?}{section.5}% 16
\BOOKMARK [2][-]{subsection.5.2}{\376\377\000C\000o\000a\000c\000h\000\040\000C\000a\000l\000i\000b\000r\000a\000t\000i\000o\000n\000\040\000D\000y\000n\000a\000m\000i\000c\000s}{section.5}% 17
\BOOKMARK [2][-]{subsection.5.3}{\376\377\000T\000h\000e\000\040\000Z\000e\000r\000o\000-\000G\000r\000a\000d\000i\000e\000n\000t\000\040\000R\000e\000g\000i\000m\000e}{section.5}% 18
\BOOKMARK [2][-]{subsection.5.4}{\376\377\000L\000i\000m\000i\000t\000a\000t\000i\000o\000n\000s}{section.5}% 19
\BOOKMARK [2][-]{subsection.5.5}{\376\377\000F\000u\000t\000u\000r\000e\000\040\000W\000o\000r\000k}{section.5}% 20
\BOOKMARK [1][-]{section.6}{\376\377\000C\000o\000n\000c\000l\000u\000s\000i\000o\000n}{}% 21
\BOOKMARK [1][-]{appendix.A}{\376\377\000P\000i\000p\000e\000l\000i\000n\000e\000\040\000E\000v\000o\000l\000u\000t\000i\000o\000n}{}% 22
\BOOKMARK [2][-]{subsection.A.1}{\376\377\000M\000o\000d\000e\000l\000\040\000a\000n\000d\000\040\000D\000a\000t\000a\000\040\000C\000h\000a\000n\000g\000e\000s\000\040\000\050\000v\0001\000/\000v\0002\000\040\000\040\000v\0003\000\051}{appendix.A}% 23
\BOOKMARK [2][-]{subsection.A.2}{\376\377\000A\000r\000c\000h\000i\000t\000e\000c\000t\000u\000r\000e\000\040\000C\000h\000a\000n\000g\000e\000:\000\040\000P\000o\000o\000l\000e\000d\000\040\000\040\000I\000n\000d\000e\000p\000e\000n\000d\000e\000n\000t\000\040\000P\000l\000a\000y\000e\000r\000s}{appendix.A}% 24
\BOOKMARK [2][-]{subsection.A.3}{\376\377\000F\000i\000v\000e\000\040\000C\000o\000a\000c\000h\000\040\000F\000a\000i\000l\000u\000r\000e\000s}{appendix.A}% 25
\BOOKMARK [1][-]{appendix.B}{\376\377\000H\000y\000p\000e\000r\000p\000a\000r\000a\000m\000e\000t\000e\000r\000s}{}% 26
\BOOKMARK [1][-]{appendix.C}{\376\377\000A\000g\000e\000n\000t\000\040\000P\000r\000o\000m\000p\000t\000s}{}% 27
