iter=1 alice_loss=-0.0488 bob_loss=-0.0420 coach_loss=0.1312 accuracy=0.977 problems=8 discussions=0
iter=2 alice_loss=-0.0624 bob_loss=0.0000 coach_loss=0.2527 accuracy=0.992 problems=8 discussions=0
iter=3 alice_loss=0.8967 bob_loss=0.9047 coach_loss=0.4023 accuracy=0.719 problems=8 discussions=1
iter=4 alice_loss=-0.1199 bob_loss=0.0000 coach_loss=0.2110 accuracy=0.992 problems=8 discussions=0
iter=5 alice_loss=-0.0570 bob_loss=-0.0052 coach_loss=-0.0870 accuracy=0.969 problems=8 discussions=0
iter=6 alice_loss=0.0000 bob_loss=0.0177 coach_loss=2.0996 accuracy=0.992 problems=8 discussions=0
iter=7 alice_loss=0.0253 bob_loss=0.0178 coach_loss=1.9112 accuracy=0.875 problems=8 discussions=0
iter=8 alice_loss=0.0000 bob_loss=0.0181 coach_loss=1.6865 accuracy=0.875 problems=8 discussions=1
iter=9 alice_loss=-0.0274 bob_loss=0.0320 coach_loss=0.6334 accuracy=0.906 problems=8 discussions=0
iter=10 alice_loss=-0.0150 bob_loss=0.0000 coach_loss=0.5131 accuracy=0.802 problems=6 discussions=1
iter=11 alice_loss=-1.4324 bob_loss=-2.9272 coach_loss=-0.3118 accuracy=0.750 problems=8 discussions=2
iter=12 alice_loss=0.1591 bob_loss=0.0780 coach_loss=0.7898 accuracy=0.982 problems=7 discussions=0
iter=13 alice_loss=0.2121 bob_loss=0.0506 coach_loss=-0.4542 accuracy=0.734 problems=8 discussions=2
iter=14 alice_loss=-0.6390 bob_loss=-0.2984 coach_loss=-0.0190 accuracy=0.773 problems=8 discussions=1
iter=15 alice_loss=0.2861 bob_loss=0.3675 coach_loss=0.2928 accuracy=0.859 problems=8 discussions=1
iter=16 alice_loss=0.0131 bob_loss=0.0000 coach_loss=0.4263 accuracy=0.992 problems=8 discussions=0
iter=17 alice_loss=-0.4501 bob_loss=-0.5480 coach_loss=-0.1822 accuracy=0.930 problems=8 discussions=1
iter=18 alice_loss=0.0000 bob_loss=0.0000 coach_loss=0.0000 accuracy=1.000 problems=6 discussions=0
iter=19 alice_loss=-2.4331 bob_loss=0.3951 coach_loss=0.1145 accuracy=0.948 problems=6 discussions=1
iter=20 alice_loss=0.2020 bob_loss=0.1524 coach_loss=-0.0138 accuracy=0.800 problems=5 discussions=1
iter=21 alice_loss=0.6876 bob_loss=0.2114 coach_loss=-0.2457 accuracy=0.865 problems=6 discussions=1
iter=22 alice_loss=0.0000 bob_loss=0.0000 coach_loss=0.0000 accuracy=1.000 problems=7 discussions=0
iter=23 alice_loss=0.5630 bob_loss=0.4406 coach_loss=0.1167 accuracy=0.911 problems=7 discussions=1
iter=24 alice_loss=0.9138 bob_loss=0.2433 coach_loss=0.5375 accuracy=0.714 problems=7 discussions=1
iter=25 alice_loss=-0.0298 bob_loss=0.0077 coach_loss=-0.6778 accuracy=0.510 problems=6 discussions=3
iter=26 alice_loss=0.1077 bob_loss=-0.0862 coach_loss=0.0223 accuracy=0.281 problems=6 discussions=4
iter=27 alice_loss=-0.0112 bob_loss=-0.0331 coach_loss=0.2436 accuracy=0.573 problems=6 discussions=2
iter=28 alice_loss=-0.0323 bob_loss=0.0310 coach_loss=0.2736 accuracy=0.510 problems=6 discussions=2
iter=29 alice_loss=0.0360 bob_loss=0.0904 coach_loss=-1.0644 accuracy=0.429 problems=7 discussions=4
iter=30 alice_loss=-0.3760 bob_loss=0.3761 coach_loss=0.5486 accuracy=0.688 problems=3 discussions=1
iter=31 alice_loss=0.8440 bob_loss=0.2420 coach_loss=0.0000 accuracy=0.000 problems=6 discussions=6
iter=32 alice_loss=0.3201 bob_loss=0.1853 coach_loss=0.3448 accuracy=0.021 problems=6 discussions=6
iter=33 alice_loss=0.3466 bob_loss=0.8464 coach_loss=0.4037 accuracy=0.531 problems=4 discussions=2
iter=34 alice_loss=0.1738 bob_loss=0.2138 coach_loss=-0.0191 accuracy=0.050 problems=5 discussions=5
iter=35 alice_loss=0.3876 bob_loss=0.5548 coach_loss=0.0279 accuracy=0.531 problems=2 discussions=1
iter=36 alice_loss=0.2158 bob_loss=0.1866 coach_loss=0.0665 accuracy=0.312 problems=2 discussions=2
iter=37 alice_loss=-0.0073 bob_loss=0.0655 coach_loss=-0.9956 accuracy=0.396 problems=6 discussions=2
iter=38 alice_loss=0.1354 bob_loss=-0.1570 coach_loss=-0.3052 accuracy=0.438 problems=8 discussions=5
iter=39 alice_loss=0.2344 bob_loss=0.1194 coach_loss=-0.2424 accuracy=0.195 problems=8 discussions=6
iter=40 alice_loss=0.1117 bob_loss=0.0543 coach_loss=-0.4873 accuracy=0.570 problems=8 discussions=2
iter=41 alice_loss=0.2107 bob_loss=0.0339 coach_loss=-0.8794 accuracy=0.469 problems=8 discussions=4
iter=42 alice_loss=0.1721 bob_loss=0.1586 coach_loss=-0.0072 accuracy=0.477 problems=8 discussions=5
iter=43 alice_loss=0.0740 bob_loss=0.0819 coach_loss=0.0077 accuracy=0.411 problems=7 discussions=3
iter=44 alice_loss=0.0979 bob_loss=0.1375 coach_loss=0.1480 accuracy=0.578 problems=8 discussions=4
